<?xml version="1.0" encoding="UTF-8"?>
<coverage generated="1668862775715" clover="3.2.0">
  <project timestamp="1668862775715" name="All files">
    <metrics statements="5" coveredstatements="5" conditionals="4" coveredconditionals="4" methods="2" coveredmethods="2" elements="11" coveredelements="11" complexity="0" loc="5" ncloc="5" packages="1" files="1" classes="1"/>
    <file name="bankBackEnd.js" path="/home/christianpinna/projects/Bank-tech-test/src/lib/bankBackEnd.js">
      <metrics statements="5" coveredstatements="5" conditionals="4" coveredconditionals="4" methods="2" coveredmethods="2"/>
      <line num="6" count="3" type="stmt"/>
      <line num="7" count="3" type="cond" truecount="2" falsecount="0"/>
      <line num="8" count="1" type="stmt"/>
      <line num="9" count="2" type="cond" truecount="2" falsecount="0"/>
      <line num="10" count="1" type="stmt"/>
    </file>
  </project>
</coverage>
