<?xml version="1.0" encoding="UTF-8"?>
<coverage generated="1673871880784" clover="3.2.0">
  <project timestamp="1673871880784" name="All files">
    <metrics statements="50" coveredstatements="49" conditionals="42" coveredconditionals="39" methods="8" coveredmethods="8" elements="100" coveredelements="96" complexity="0" loc="50" ncloc="50" packages="1" files="2" classes="2"/>
    <file name="bankBackEnd.js" path="/home/christianpinna/Projects/Bank-tech-test/src/lib/bankBackEnd.js">
      <metrics statements="28" coveredstatements="28" conditionals="26" coveredconditionals="24" methods="4" coveredmethods="4"/>
      <line num="4" count="14" type="stmt"/>
      <line num="5" count="14" type="stmt"/>
      <line num="7" count="14" type="cond" truecount="2" falsecount="0"/>
      <line num="8" count="3" type="stmt"/>
      <line num="9" count="11" type="cond" truecount="2" falsecount="0"/>
      <line num="10" count="7" type="stmt"/>
      <line num="11" count="7" type="stmt"/>
      <line num="12" count="4" type="cond" truecount="1" falsecount="1"/>
      <line num="13" count="4" type="cond" truecount="2" falsecount="0"/>
      <line num="14" count="2" type="stmt"/>
      <line num="16" count="2" type="stmt"/>
      <line num="17" count="2" type="stmt"/>
      <line num="22" count="6" type="cond" truecount="2" falsecount="0"/>
      <line num="23" count="4" type="stmt"/>
      <line num="24" count="4" type="stmt"/>
      <line num="26" count="2" type="stmt"/>
      <line num="30" count="11" type="stmt"/>
      <line num="39" count="14" type="stmt"/>
      <line num="42" count="9" type="stmt"/>
      <line num="43" count="9" type="stmt"/>
      <line num="51" count="9" type="cond" truecount="2" falsecount="0"/>
      <line num="52" count="7" type="stmt"/>
      <line num="53" count="2" type="cond" truecount="1" falsecount="1"/>
      <line num="54" count="2" type="stmt"/>
      <line num="58" count="4" type="stmt"/>
      <line num="59" count="4" type="stmt"/>
      <line num="60" count="5" type="stmt"/>
      <line num="72" count="4" type="stmt"/>
    </file>
    <file name="bankFrontEnd.js" path="/home/christianpinna/Projects/Bank-tech-test/src/lib/bankFrontEnd.js">
      <metrics statements="22" coveredstatements="21" conditionals="16" coveredconditionals="15" methods="4" coveredmethods="4"/>
      <line num="3" count="15" type="stmt"/>
      <line num="6" count="15" type="stmt"/>
      <line num="7" count="11" type="cond" truecount="2" falsecount="0"/>
      <line num="8" count="1" type="stmt"/>
      <line num="9" count="10" type="cond" truecount="4" falsecount="0"/>
      <line num="10" count="2" type="stmt"/>
      <line num="12" count="8" type="stmt"/>
      <line num="15" count="15" type="stmt"/>
      <line num="16" count="6" type="cond" truecount="1" falsecount="1"/>
      <line num="17" count="0" type="stmt"/>
      <line num="18" count="6" type="cond" truecount="4" falsecount="0"/>
      <line num="19" count="2" type="stmt"/>
      <line num="21" count="4" type="stmt"/>
      <line num="22" count="4" type="stmt"/>
      <line num="26" count="15" type="stmt"/>
      <line num="27" count="5" type="stmt"/>
      <line num="31" count="12" type="stmt"/>
      <line num="38" count="4" type="cond" truecount="2" falsecount="0"/>
      <line num="39" count="1" type="stmt"/>
      <line num="40" count="2" type="cond" truecount="2" falsecount="0"/>
      <line num="41" count="1" type="stmt"/>
      <line num="46" count="17" type="stmt"/>
    </file>
  </project>
</coverage>
