{"/home/christianpinna/projects/Bank-tech-test/src/lib/bankBackEnd.js": {"path":"/home/christianpinna/projects/Bank-tech-test/src/lib/bankBackEnd.js","statementMap":{"0":{"start":{"line":3,"column":4},"end":{"line":3,"column":21}},"1":{"start":{"line":4,"column":4},"end":{"line":4,"column":27}},"2":{"start":{"line":7,"column":4},"end":{"line":19,"column":5}},"3":{"start":{"line":8,"column":6},"end":{"line":8,"column":41}},"4":{"start":{"line":9,"column":11},"end":{"line":19,"column":5}},"5":{"start":{"line":10,"column":6},"end":{"line":10,"column":35}},"6":{"start":{"line":11,"column":6},"end":{"line":11,"column":43}},"7":{"start":{"line":12,"column":11},"end":{"line":19,"column":5}},"8":{"start":{"line":13,"column":6},"end":{"line":18,"column":7}},"9":{"start":{"line":14,"column":8},"end":{"line":14,"column":43}},"10":{"start":{"line":16,"column":8},"end":{"line":16,"column":37}},"11":{"start":{"line":17,"column":8},"end":{"line":17,"column":45}},"12":{"start":{"line":22,"column":4},"end":{"line":27,"column":5}},"13":{"start":{"line":23,"column":19},"end":{"line":23,"column":46}},"14":{"start":{"line":24,"column":6},"end":{"line":24,"column":68}},"15":{"start":{"line":26,"column":6},"end":{"line":26,"column":50}},"16":{"start":{"line":30,"column":4},"end":{"line":36,"column":6}},"17":{"start":{"line":39,"column":4},"end":{"line":39,"column":69}},"18":{"start":{"line":42,"column":4},"end":{"line":42,"column":35}},"19":{"start":{"line":43,"column":4},"end":{"line":48,"column":7}},"20":{"start":{"line":51,"column":4},"end":{"line":55,"column":5}},"21":{"start":{"line":52,"column":6},"end":{"line":52,"column":33}},"22":{"start":{"line":53,"column":11},"end":{"line":55,"column":5}},"23":{"start":{"line":54,"column":6},"end":{"line":54,"column":33}},"24":{"start":{"line":58,"column":17},"end":{"line":58,"column":19}},"25":{"start":{"line":59,"column":4},"end":{"line":71,"column":7}},"26":{"start":{"line":60,"column":6},"end":{"line":70,"column":8}},"27":{"start":{"line":72,"column":4},"end":{"line":72,"column":16}}},"fnMap":{"0":{"name":"(anonymous_0)","decl":{"start":{"line":2,"column":2},"end":{"line":2,"column":3}},"loc":{"start":{"line":2,"column":16},"end":{"line":5,"column":3}},"line":2},"1":{"name":"(anonymous_1)","decl":{"start":{"line":6,"column":2},"end":{"line":6,"column":3}},"loc":{"start":{"line":6,"column":26},"end":{"line":20,"column":3}},"line":6},"2":{"name":"(anonymous_2)","decl":{"start":{"line":21,"column":2},"end":{"line":21,"column":3}},"loc":{"start":{"line":21,"column":20},"end":{"line":28,"column":3}},"line":21},"3":{"name":"(anonymous_3)","decl":{"start":{"line":59,"column":30},"end":{"line":59,"column":31}},"loc":{"start":{"line":59,"column":47},"end":{"line":71,"column":5}},"line":59}},"branchMap":{"0":{"loc":{"start":{"line":7,"column":4},"end":{"line":19,"column":5}},"type":"if","locations":[{"start":{"line":7,"column":4},"end":{"line":19,"column":5}},{"start":{"line":9,"column":11},"end":{"line":19,"column":5}}],"line":7},"1":{"loc":{"start":{"line":9,"column":11},"end":{"line":19,"column":5}},"type":"if","locations":[{"start":{"line":9,"column":11},"end":{"line":19,"column":5}},{"start":{"line":12,"column":11},"end":{"line":19,"column":5}}],"line":9},"2":{"loc":{"start":{"line":12,"column":11},"end":{"line":19,"column":5}},"type":"if","locations":[{"start":{"line":12,"column":11},"end":{"line":19,"column":5}},{"start":{},"end":{}}],"line":12},"3":{"loc":{"start":{"line":13,"column":6},"end":{"line":18,"column":7}},"type":"if","locations":[{"start":{"line":13,"column":6},"end":{"line":18,"column":7}},{"start":{"line":15,"column":13},"end":{"line":18,"column":7}}],"line":13},"4":{"loc":{"start":{"line":22,"column":4},"end":{"line":27,"column":5}},"type":"if","locations":[{"start":{"line":22,"column":4},"end":{"line":27,"column":5}},{"start":{"line":25,"column":11},"end":{"line":27,"column":5}}],"line":22},"5":{"loc":{"start":{"line":31,"column":14},"end":{"line":31,"column":54}},"type":"cond-expr","locations":[{"start":{"line":31,"column":35},"end":{"line":31,"column":44}},{"start":{"line":31,"column":47},"end":{"line":31,"column":54}}],"line":31},"6":{"loc":{"start":{"line":33,"column":8},"end":{"line":35,"column":90}},"type":"cond-expr","locations":[{"start":{"line":34,"column":12},"end":{"line":34,"column":46}},{"start":{"line":35,"column":12},"end":{"line":35,"column":90}}],"line":33},"7":{"loc":{"start":{"line":45,"column":14},"end":{"line":45,"column":53}},"type":"cond-expr","locations":[{"start":{"line":45,"column":39},"end":{"line":45,"column":49}},{"start":{"line":45,"column":52},"end":{"line":45,"column":53}}],"line":45},"8":{"loc":{"start":{"line":46,"column":13},"end":{"line":46,"column":55}},"type":"cond-expr","locations":[{"start":{"line":46,"column":41},"end":{"line":46,"column":51}},{"start":{"line":46,"column":54},"end":{"line":46,"column":55}}],"line":46},"9":{"loc":{"start":{"line":51,"column":4},"end":{"line":55,"column":5}},"type":"if","locations":[{"start":{"line":51,"column":4},"end":{"line":55,"column":5}},{"start":{"line":53,"column":11},"end":{"line":55,"column":5}}],"line":51},"10":{"loc":{"start":{"line":53,"column":11},"end":{"line":55,"column":5}},"type":"if","locations":[{"start":{"line":53,"column":11},"end":{"line":55,"column":5}},{"start":{},"end":{}}],"line":53},"11":{"loc":{"start":{"line":62,"column":10},"end":{"line":64,"column":55}},"type":"cond-expr","locations":[{"start":{"line":63,"column":14},"end":{"line":63,"column":17}},{"start":{"line":64,"column":14},"end":{"line":64,"column":55}}],"line":62},"12":{"loc":{"start":{"line":66,"column":10},"end":{"line":68,"column":54}},"type":"cond-expr","locations":[{"start":{"line":67,"column":14},"end":{"line":67,"column":17}},{"start":{"line":68,"column":14},"end":{"line":68,"column":54}}],"line":66}},"s":{"0":14,"1":14,"2":14,"3":3,"4":11,"5":7,"6":7,"7":4,"8":4,"9":2,"10":2,"11":2,"12":6,"13":4,"14":4,"15":2,"16":11,"17":14,"18":9,"19":9,"20":9,"21":7,"22":2,"23":2,"24":4,"25":4,"26":5,"27":4},"f":{"0":14,"1":14,"2":6,"3":5},"b":{"0":[3,11],"1":[7,4],"2":[4,0],"3":[2,2],"4":[4,2],"5":[9,2],"6":[9,2],"7":[7,2],"8":[2,7],"9":[7,2],"10":[2,0],"11":[1,4],"12":[4,1]},"_coverageSchema":"1a1c01bbd47fc00a2c39e90264f33305004495a9","hash":"b7fad891b17695c5ba1d795a2ad82cb64c096f9c"}
,"/home/christianpinna/projects/Bank-tech-test/src/lib/bankFrontEnd.js": {"path":"/home/christianpinna/projects/Bank-tech-test/src/lib/bankFrontEnd.js","statementMap":{"0":{"start":{"line":3,"column":4},"end":{"line":3,"column":35}},"1":{"start":{"line":6,"column":12},"end":{"line":14,"column":3}},"2":{"start":{"line":7,"column":4},"end":{"line":13,"column":5}},"3":{"start":{"line":8,"column":6},"end":{"line":8,"column":40}},"4":{"start":{"line":9,"column":11},"end":{"line":13,"column":5}},"5":{"start":{"line":10,"column":6},"end":{"line":10,"column":50}},"6":{"start":{"line":12,"column":6},"end":{"line":12,"column":49}},"7":{"start":{"line":15,"column":13},"end":{"line":24,"column":3}},"8":{"start":{"line":16,"column":4},"end":{"line":23,"column":5}},"9":{"start":{"line":17,"column":6},"end":{"line":17,"column":40}},"10":{"start":{"line":18,"column":11},"end":{"line":23,"column":5}},"11":{"start":{"line":19,"column":6},"end":{"line":19,"column":50}},"12":{"start":{"line":21,"column":18},"end":{"line":21,"column":63}},"13":{"start":{"line":22,"column":6},"end":{"line":22,"column":32}},"14":{"start":{"line":26,"column":19},"end":{"line":28,"column":3}},"15":{"start":{"line":27,"column":4},"end":{"line":27,"column":46}},"16":{"start":{"line":31,"column":4},"end":{"line":34,"column":7}},"17":{"start":{"line":38,"column":4},"end":{"line":42,"column":5}},"18":{"start":{"line":39,"column":6},"end":{"line":39,"column":24}},"19":{"start":{"line":40,"column":11},"end":{"line":42,"column":5}},"20":{"start":{"line":41,"column":6},"end":{"line":41,"column":31}},"21":{"start":{"line":46,"column":4},"end":{"line":46,"column":72}}},"fnMap":{"0":{"name":"(anonymous_0)","decl":{"start":{"line":2,"column":2},"end":{"line":2,"column":3}},"loc":{"start":{"line":2,"column":27},"end":{"line":4,"column":3}},"line":2},"1":{"name":"(anonymous_1)","decl":{"start":{"line":6,"column":12},"end":{"line":6,"column":13}},"loc":{"start":{"line":6,"column":24},"end":{"line":14,"column":3}},"line":6},"2":{"name":"(anonymous_2)","decl":{"start":{"line":15,"column":13},"end":{"line":15,"column":14}},"loc":{"start":{"line":15,"column":25},"end":{"line":24,"column":3}},"line":15},"3":{"name":"(anonymous_3)","decl":{"start":{"line":26,"column":19},"end":{"line":26,"column":20}},"loc":{"start":{"line":26,"column":25},"end":{"line":28,"column":3}},"line":26}},"branchMap":{"0":{"loc":{"start":{"line":7,"column":4},"end":{"line":13,"column":5}},"type":"if","locations":[{"start":{"line":7,"column":4},"end":{"line":13,"column":5}},{"start":{"line":9,"column":11},"end":{"line":13,"column":5}}],"line":7},"1":{"loc":{"start":{"line":9,"column":11},"end":{"line":13,"column":5}},"type":"if","locations":[{"start":{"line":9,"column":11},"end":{"line":13,"column":5}},{"start":{"line":11,"column":11},"end":{"line":13,"column":5}}],"line":9},"2":{"loc":{"start":{"line":9,"column":15},"end":{"line":9,"column":41}},"type":"binary-expr","locations":[{"start":{"line":9,"column":15},"end":{"line":9,"column":25}},{"start":{"line":9,"column":29},"end":{"line":9,"column":41}}],"line":9},"3":{"loc":{"start":{"line":16,"column":4},"end":{"line":23,"column":5}},"type":"if","locations":[{"start":{"line":16,"column":4},"end":{"line":23,"column":5}},{"start":{"line":18,"column":11},"end":{"line":23,"column":5}}],"line":16},"4":{"loc":{"start":{"line":18,"column":11},"end":{"line":23,"column":5}},"type":"if","locations":[{"start":{"line":18,"column":11},"end":{"line":23,"column":5}},{"start":{"line":20,"column":11},"end":{"line":23,"column":5}}],"line":18},"5":{"loc":{"start":{"line":18,"column":15},"end":{"line":18,"column":41}},"type":"binary-expr","locations":[{"start":{"line":18,"column":15},"end":{"line":18,"column":25}},{"start":{"line":18,"column":29},"end":{"line":18,"column":41}}],"line":18},"6":{"loc":{"start":{"line":38,"column":4},"end":{"line":42,"column":5}},"type":"if","locations":[{"start":{"line":38,"column":4},"end":{"line":42,"column":5}},{"start":{"line":40,"column":11},"end":{"line":42,"column":5}}],"line":38},"7":{"loc":{"start":{"line":40,"column":11},"end":{"line":42,"column":5}},"type":"if","locations":[{"start":{"line":40,"column":11},"end":{"line":42,"column":5}},{"start":{},"end":{}}],"line":40}},"s":{"0":15,"1":15,"2":11,"3":1,"4":10,"5":2,"6":8,"7":15,"8":6,"9":0,"10":6,"11":2,"12":4,"13":4,"14":15,"15":5,"16":12,"17":4,"18":1,"19":2,"20":1,"21":17},"f":{"0":15,"1":11,"2":6,"3":5},"b":{"0":[1,10],"1":[2,8],"2":[10,9],"3":[0,6],"4":[2,4],"5":[6,5],"6":[1,2],"7":[1,1]},"_coverageSchema":"1a1c01bbd47fc00a2c39e90264f33305004495a9","hash":"dfe90e5ce080c01431712237d0b532c450f9bd0d"}
}
