TN:
SF:src/lib/bankBackEnd.js
FN:4,(anonymous_0)
FN:8,(anonymous_1)
FN:21,(anonymous_2)
FN:24,(anonymous_3)
FN:37,(anonymous_4)
FNF:5
FNH:5
FNDA:6,(anonymous_0)
FNDA:5,(anonymous_1)
FNDA:2,(anonymous_2)
FNDA:1,(anonymous_3)
FNDA:1,(anonymous_4)
DA:5,6
DA:6,6
DA:9,5
DA:10,3
DA:11,2
DA:12,2
DA:13,2
DA:22,2
DA:23,1
DA:24,1
DA:25,1
DA:37,1
DA:38,1
DA:40,1
LF:14
LH:14
BRDA:9,0,0,3
BRDA:9,0,1,2
BRDA:11,1,0,2
BRDA:11,1,1,0
BRDA:22,2,0,1
BRDA:22,2,1,1
BRDA:27,3,0,0
BRDA:27,3,1,1
BRDA:31,4,0,1
BRDA:31,4,1,0
BRF:10
BRH:7
end_of_record
