TN:
SF:src/lib/bankBackEnd.js
FN:2,(anonymous_0)
FN:6,(anonymous_1)
FN:36,(anonymous_2)
FN:39,(anonymous_3)
FNF:4
FNH:4
FNDA:12,(anonymous_0)
FNDA:11,(anonymous_1)
FNDA:6,(anonymous_2)
FNDA:5,(anonymous_3)
DA:3,12
DA:4,12
DA:7,11
DA:8,3
DA:9,8
DA:10,5
DA:11,5
DA:17,3
DA:18,3
DA:19,2
DA:25,1
DA:26,1
DA:32,1
DA:37,6
DA:38,4
DA:39,4
DA:40,5
DA:52,4
DA:54,2
LF:19
LH:19
BRDA:7,0,0,3
BRDA:7,0,1,8
BRDA:9,1,0,5
BRDA:9,1,1,3
BRDA:17,2,0,3
BRDA:17,2,1,0
BRDA:18,3,0,2
BRDA:18,3,1,1
BRDA:37,4,0,4
BRDA:37,4,1,2
BRDA:42,5,0,1
BRDA:42,5,1,4
BRDA:46,6,0,4
BRDA:46,6,1,1
BRF:14
BRH:13
end_of_record
TN:
SF:src/lib/bankFrontEnd.js
FN:2,(anonymous_0)
FN:6,(anonymous_1)
FN:18,(anonymous_2)
FN:36,(anonymous_3)
FNF:4
FNH:4
FNDA:15,(anonymous_0)
FNDA:11,(anonymous_1)
FNDA:6,(anonymous_2)
FNDA:5,(anonymous_3)
DA:3,15
DA:6,15
DA:7,11
DA:8,1
DA:9,10
DA:10,2
DA:12,8
DA:18,15
DA:19,6
DA:20,0
DA:21,6
DA:22,2
DA:24,4
DA:28,4
DA:29,1
DA:30,2
DA:31,1
DA:36,15
DA:37,5
LF:19
LH:18
BRDA:7,0,0,1
BRDA:7,0,1,10
BRDA:9,1,0,2
BRDA:9,1,1,8
BRDA:9,2,0,10
BRDA:9,2,1,9
BRDA:19,3,0,0
BRDA:19,3,1,6
BRDA:21,4,0,2
BRDA:21,4,1,4
BRDA:21,5,0,6
BRDA:21,5,1,5
BRDA:28,6,0,1
BRDA:28,6,1,2
BRDA:30,7,0,1
BRDA:30,7,1,1
BRF:16
BRH:15
end_of_record
